<?xml version="1.0" encoding="UTF-8"?>
<!-- Generated by org.testng.reporters.JUnitReportReporter -->
<testsuite hostname="SCRY" failures="0" tests="3" name="test.TestNG.LoginTest1" time="34.418" errors="0" timestamp="2026-02-17T18:05:05 IST" skipped="0">
  <testcase classname="test.TestNG.LoginTest1" name="loginTest" time="8.855"/>
  <testcase classname="test.TestNG.LoginTest1" name="loginTest" time="11.572"/>
  <testcase classname="test.TestNG.LoginTest1" name="loginTest" time="13.991"/>
</testsuite> <!-- test.TestNG.LoginTest1 -->
