<?xml version="1.0" encoding="UTF-8"?>
<!-- Generated by org.testng.reporters.JUnitReportReporter -->
<testsuite hostname="SCRY" failures="0" tests="3" name="test.TestNG.LoginTest3" time="29.819" errors="0" timestamp="2026-02-18T12:04:03 IST" skipped="0">
  <testcase classname="test.TestNG.LoginTest3" name="loginTest" time="10.914"/>
  <testcase classname="test.TestNG.LoginTest3" name="loginTest" time="12.829"/>
  <testcase classname="test.TestNG.LoginTest3" name="loginTest" time="6.076"/>
</testsuite> <!-- test.TestNG.LoginTest3 -->
