<?xml version="1.0" encoding="UTF-8"?>
<!-- Generated by org.testng.reporters.JUnitReportReporter -->
<testsuite hostname="SCRY" failures="0" tests="3" name="test.TestNG.LoginTest" time="26.638" errors="0" timestamp="2026-02-17T16:00:13 IST" skipped="0">
  <testcase classname="test.TestNG.LoginTest" name="loginTest" time="12.352"/>
  <testcase classname="test.TestNG.LoginTest" name="loginTest" time="6.757"/>
  <testcase classname="test.TestNG.LoginTest" name="loginTest" time="7.529"/>
</testsuite> <!-- test.TestNG.LoginTest -->
