<?xml version="1.0" encoding="UTF-8"?>
<!-- Generated by org.testng.reporters.JUnitReportReporter -->
<testsuite hostname="SCRY" failures="0" tests="3" name="test.TestNG.LoginTest2" time="15.932" errors="0" timestamp="2026-02-18T11:26:07 IST" skipped="0">
  <testcase classname="test.TestNG.LoginTest2" name="loginTest" time="4.283"/>
  <testcase classname="test.TestNG.LoginTest2" name="loginTest" time="7.469"/>
  <testcase classname="test.TestNG.LoginTest2" name="loginTest" time="4.180"/>
</testsuite> <!-- test.TestNG.LoginTest2 -->
