<?xml version="1.0" encoding="UTF-8"?>
<!-- Generated by org.testng.reporters.JUnitReportReporter -->
<testsuite hostname="SCRY" failures="0" tests="4" name="test.TestNG.annotations_" time="6.743" errors="0" timestamp="2026-02-16T17:25:38 IST" skipped="0">
  <testcase classname="test.TestNG.annotations_" name="validLoginTest" time="2.175"/>
  <testcase classname="test.TestNG.annotations_" name="InvalidLoginTest" time="1.029"/>
  <testcase classname="test.TestNG.annotations_" name="EmptyUserName" time="2.947"/>
  <testcase classname="test.TestNG.annotations_" name="EmptyPassword" time="0.592"/>
</testsuite> <!-- test.TestNG.annotations_ -->
