<?xml version="1.0" encoding="UTF-8"?>
<testng-results ignored="3" total="4" passed="1" failed="0" skipped="0">
  <reporter-output>
  </reporter-output>
  <suite started-at="2026-02-20T15:26:35 IST" name="Default suite" finished-at="2026-02-20T15:26:46 IST" duration-ms="10820">
    <groups>
    </groups>
    <test started-at="2026-02-20T15:26:35 IST" name="Default test" finished-at="2026-02-20T15:26:46 IST" duration-ms="10820">
      <class name="ApiTesting.Crud_Test2">
        <test-method signature="deleteProduct()[pri:0, instance:ApiTesting.Crud_Test2@4a94ee4]" started-at="2026-02-20T15:26:36 IST" name="deleteProduct" finished-at="2026-02-20T15:26:46 IST" duration-ms="10677" status="PASS">
          <reporter-output>
          </reporter-output>
        </test-method> <!-- deleteProduct -->
      </class> <!-- ApiTesting.Crud_Test2 -->
    </test> <!-- Default test -->
  </suite> <!-- Default suite -->
</testng-results>
