<?xml version="1.0" encoding="UTF-8"?>
<!-- Generated by org.testng.reporters.JUnitReportReporter -->
<testsuite hostname="SCRY" failures="0" tests="4" name="tests.LoginDataTest" time="116.511" errors="0" timestamp="2026-03-02T14:48:27 IST" skipped="0">
  <testcase classname="tests.LoginDataTest" name="loginTest" time="27.761"/>
  <testcase classname="tests.LoginDataTest" name="loginTest" time="29.337"/>
  <testcase classname="tests.LoginDataTest" name="loginTest" time="29.347"/>
  <testcase classname="tests.LoginDataTest" name="loginTest" time="30.066"/>
</testsuite> <!-- tests.LoginDataTest -->
