<?xml version="1.0" encoding="UTF-8"?>
<!-- Generated by org.testng.reporters.JUnitXMLReporter -->
<testsuite ignored="0" hostname="SCRY" failures="0" tests="4" name="Default test" time="29.791" errors="0" timestamp="2026-03-02T14:48:27 IST">
  <testcase classname="tests.LoginDataTest" name="loginTest" time="6.612"/>
  <testcase classname="tests.LoginDataTest" name="loginTest" time="7.791"/>
  <testcase classname="tests.LoginDataTest" name="loginTest" time="7.787"/>
  <testcase classname="tests.LoginDataTest" name="loginTest" time="6.063"/>
</testsuite> <!-- Default test -->
