<?xml version="1.0" encoding="UTF-8"?>
<!-- Generated by org.testng.reporters.JUnitXMLReporter -->
<testsuite ignored="0" hostname="SCRY" failures="0" tests="4" name="Login Test" time="9.509" errors="0" timestamp="2026-03-02T10:32:37 IST">
  <testcase classname="base.BaseTest" name="@BeforeMethod launchBrowser" time="9.116">
    <failure type="org.openqa.selenium.SessionNotCreatedException" message="Could not start a new session. Response code 500. Message: session not created: Chrome instance exited. Examine ChromeDriver verbose log to determine the cause. 
Host info: host: &amp;apos;SCRY&amp;apos;, ip: &amp;apos;192.168.29.134&amp;apos;
Build info: version: &amp;apos;4.41.0&amp;apos;, revision: &amp;apos;9fc754f&amp;apos;
System info: os.name: &amp;apos;Windows 11&amp;apos;, os.arch: &amp;apos;amd64&amp;apos;, os.version: &amp;apos;10.0&amp;apos;, java.version: &amp;apos;25.0.1&amp;apos;
Driver info: org.openqa.selenium.chrome.ChromeDriver
Command: [null, newSession {capabilities=[Capabilities {browserName: chrome, goog:chromeOptions: {args: [], binary: C:\Program Files\Google\Chr..., extensions: []}}]}]">
      <![CDATA[org.openqa.selenium.SessionNotCreatedException: Could not start a new session. Response code 500. Message: session not created: Chrome instance exited. Examine ChromeDriver verbose log to determine the cause. 
Host info: host: 'SCRY', ip: '192.168.29.134'
Build info: version: '4.41.0', revision: '9fc754f'
System info: os.name: 'Windows 11', os.arch: 'amd64', os.version: '10.0', java.version: '25.0.1'
Driver info: org.openqa.selenium.chrome.ChromeDriver
Command: [null, newSession {capabilities=[Capabilities {browserName: chrome, goog:chromeOptions: {args: [], binary: C:\Program Files\Google\Chr..., extensions: []}}]}]
at org.openqa.selenium.remote.ProtocolHandshake.createSession(ProtocolHandshake.java:114)
at org.openqa.selenium.remote.ProtocolHandshake.createSession(ProtocolHandshake.java:75)
at org.openqa.selenium.remote.ProtocolHandshake.createSession(ProtocolHandshake.java:61)
at org.openqa.selenium.remote.HttpCommandExecutor.execute(HttpCommandExecutor.java:195)
at org.openqa.selenium.remote.service.DriverCommandExecutor.invokeExecute(DriverCommandExecutor.java:216)
at org.openqa.selenium.remote.service.DriverCommandExecutor.execute(DriverCommandExecutor.java:174)
at org.openqa.selenium.remote.RemoteWebDriver.execute(RemoteWebDriver.java:604)
at org.openqa.selenium.remote.RemoteWebDriver.startSession(RemoteWebDriver.java:288)
at org.openqa.selenium.remote.RemoteWebDriver.<init>(RemoteWebDriver.java:211)
at org.openqa.selenium.chromium.ChromiumDriver.<init>(ChromiumDriver.java:115)
at org.openqa.selenium.chrome.ChromeDriver.<init>(ChromeDriver.java:92)
at org.openqa.selenium.chrome.ChromeDriver.<init>(ChromeDriver.java:87)
at org.openqa.selenium.chrome.ChromeDriver.<init>(ChromeDriver.java:51)
at base.BaseTest.launchBrowser(BaseTest.java:18)
at java.base/java.util.ArrayList.forEach(ArrayList.java:1604)
... Removed 29 stack frames]]>
    </failure>
  </testcase> <!-- @BeforeMethod launchBrowser -->
  <testcase classname="base.BaseTest" name="@AfterMethod closeBrowser" time="0.0">
    <skipped/>
  </testcase> <!-- @AfterMethod closeBrowser -->
  <testcase classname="base.BaseTest" name="@BeforeMethod launchBrowser" time="0.0">
    <skipped/>
  </testcase> <!-- @BeforeMethod launchBrowser -->
  <testcase classname="base.BaseTest" name="@AfterMethod closeBrowser" time="0.0">
    <skipped/>
  </testcase> <!-- @AfterMethod closeBrowser -->
  <testcase classname="base.BaseTest" name="@BeforeMethod launchBrowser" time="0.0">
    <skipped/>
  </testcase> <!-- @BeforeMethod launchBrowser -->
  <testcase classname="base.BaseTest" name="@AfterMethod closeBrowser" time="0.0">
    <skipped/>
  </testcase> <!-- @AfterMethod closeBrowser -->
  <testcase classname="base.BaseTest" name="@BeforeMethod launchBrowser" time="0.0">
    <skipped/>
  </testcase> <!-- @BeforeMethod launchBrowser -->
  <testcase classname="base.BaseTest" name="@AfterMethod closeBrowser" time="0.0">
    <skipped/>
  </testcase> <!-- @AfterMethod closeBrowser -->
  <testcase classname="base.BaseTest" name="@AfterClass tearDownEnvironment" time="0.0">
    <skipped/>
  </testcase> <!-- @AfterClass tearDownEnvironment -->
  <testcase classname="tests.LoginTest" name="loginTest" time="0.0">
    <skipped/>
  </testcase> <!-- loginTest -->
  <testcase classname="tests.LoginTest" name="loginTest" time="0.001">
    <skipped/>
  </testcase> <!-- loginTest -->
  <testcase classname="tests.LoginTest" name="loginTest" time="0.0">
    <skipped/>
  </testcase> <!-- loginTest -->
  <testcase classname="tests.LoginTest" name="loginTest" time="0.0">
    <skipped/>
  </testcase> <!-- loginTest -->
</testsuite> <!-- Login Test -->
