<?xml version="1.0" encoding="UTF-8"?>
<!-- Generated by org.testng.reporters.JUnitXMLReporter -->
<testsuite ignored="3" hostname="SCRY" failures="0" tests="1" name="Default test" time="10.82" errors="0" timestamp="2026-02-20T15:26:46 IST">
  <testcase classname="ApiTesting.Crud_Test2" name="deleteProduct" time="10.677"/>
  <testcase classname="ApiTesting.Crud_Test2" name="getAllProduct" time="0.0">
    <ignored/>
  </testcase> <!-- getAllProduct -->
  <testcase classname="ApiTesting.Crud_Test2" name="postProduct" time="0.0">
    <ignored/>
  </testcase> <!-- postProduct -->
  <testcase classname="ApiTesting.Crud_Test2" name="putProdcut" time="0.0">
    <ignored/>
  </testcase> <!-- putProdcut -->
</testsuite> <!-- Default test -->
