<?xml version="1.0" encoding="UTF-8"?>
<testng-results ignored="0" total="4" passed="4" failed="0" skipped="0">
  <reporter-output>
  </reporter-output>
  <suite started-at="2026-03-02T14:47:57 IST" name="Default suite" finished-at="2026-03-02T14:48:27 IST" duration-ms="29791">
    <groups>
    </groups>
    <test started-at="2026-03-02T14:47:57 IST" name="Default test" finished-at="2026-03-02T14:48:27 IST" duration-ms="29791">
      <class name="tests.LoginDataTest">
        <test-method is-config="true" signature="setup()[pri:0, instance:tests.LoginDataTest@52d239ba]" started-at="2026-03-02T14:47:57 IST" name="setup" finished-at="2026-03-02T14:48:15 IST" duration-ms="18172" status="PASS">
          <reporter-output>
          </reporter-output>
        </test-method> <!-- setup -->
        <test-method is-config="true" signature="setup()[pri:0, instance:tests.LoginDataTest@52d239ba]" started-at="2026-03-02T14:47:57 IST" name="setup" finished-at="2026-03-02T14:48:15 IST" duration-ms="18195" status="PASS">
          <reporter-output>
          </reporter-output>
        </test-method> <!-- setup -->
        <test-method is-config="true" signature="setup()[pri:0, instance:tests.LoginDataTest@52d239ba]" started-at="2026-03-02T14:47:57 IST" name="setup" finished-at="2026-03-02T14:48:18 IST" duration-ms="20454" status="PASS">
          <reporter-output>
          </reporter-output>
        </test-method> <!-- setup -->
        <test-method is-config="true" signature="setup()[pri:0, instance:tests.LoginDataTest@52d239ba]" started-at="2026-03-02T14:47:57 IST" name="setup" finished-at="2026-03-02T14:48:16 IST" duration-ms="18794" status="PASS">
          <reporter-output>
          </reporter-output>
        </test-method> <!-- setup -->
        <test-method signature="loginTest(java.lang.String,java.lang.String)[pri:0, instance:tests.LoginDataTest@52d239ba]" started-at="2026-03-02T14:48:15 IST" name="loginTest" data-provider="loginData" finished-at="2026-03-02T14:48:23 IST" duration-ms="7791" status="PASS">
          <params>
            <param index="0">
              <value>
                <![CDATA[problem_user]]>
              </value>
            </param>
            <param index="1">
              <value>
                <![CDATA[pswd1]]>
              </value>
            </param>
          </params>
          <reporter-output>
          </reporter-output>
        </test-method> <!-- loginTest -->
        <test-method signature="loginTest(java.lang.String,java.lang.String)[pri:0, instance:tests.LoginDataTest@52d239ba]" started-at="2026-03-02T14:48:15 IST" name="loginTest" data-provider="loginData" finished-at="2026-03-02T14:48:23 IST" duration-ms="7787" status="PASS">
          <params>
            <param index="0">
              <value>
                <![CDATA[standard_user]]>
              </value>
            </param>
            <param index="1">
              <value>
                <![CDATA[secret_sauce]]>
              </value>
            </param>
          </params>
          <reporter-output>
          </reporter-output>
        </test-method> <!-- loginTest -->
        <test-method signature="loginTest(java.lang.String,java.lang.String)[pri:0, instance:tests.LoginDataTest@52d239ba]" started-at="2026-03-02T14:48:16 IST" name="loginTest" data-provider="loginData" finished-at="2026-03-02T14:48:23 IST" duration-ms="6612" status="PASS">
          <params>
            <param index="0">
              <value>
                <![CDATA[]]>
              </value>
            </param>
            <param index="1">
              <value>
                <![CDATA[]]>
              </value>
            </param>
          </params>
          <reporter-output>
          </reporter-output>
        </test-method> <!-- loginTest -->
        <test-method signature="loginTest(java.lang.String,java.lang.String)[pri:0, instance:tests.LoginDataTest@52d239ba]" started-at="2026-03-02T14:48:18 IST" name="loginTest" data-provider="loginData" finished-at="2026-03-02T14:48:24 IST" duration-ms="6063" status="PASS">
          <params>
            <param index="0">
              <value>
                <![CDATA[user1]]>
              </value>
            </param>
            <param index="1">
              <value>
                <![CDATA[secret_sauce]]>
              </value>
            </param>
          </params>
          <reporter-output>
          </reporter-output>
        </test-method> <!-- loginTest -->
        <test-method is-config="true" signature="tearDown()[pri:0, instance:tests.LoginDataTest@52d239ba]" started-at="2026-03-02T14:48:23 IST" name="tearDown" finished-at="2026-03-02T14:48:26 IST" duration-ms="3351" status="PASS">
          <reporter-output>
          </reporter-output>
        </test-method> <!-- tearDown -->
        <test-method is-config="true" signature="tearDown()[pri:0, instance:tests.LoginDataTest@52d239ba]" started-at="2026-03-02T14:48:23 IST" name="tearDown" finished-at="2026-03-02T14:48:26 IST" duration-ms="2904" status="PASS">
          <reporter-output>
          </reporter-output>
        </test-method> <!-- tearDown -->
        <test-method is-config="true" signature="tearDown()[pri:0, instance:tests.LoginDataTest@52d239ba]" started-at="2026-03-02T14:48:23 IST" name="tearDown" finished-at="2026-03-02T14:48:27 IST" duration-ms="3388" status="PASS">
          <reporter-output>
          </reporter-output>
        </test-method> <!-- tearDown -->
        <test-method is-config="true" signature="tearDown()[pri:0, instance:tests.LoginDataTest@52d239ba]" started-at="2026-03-02T14:48:24 IST" name="tearDown" finished-at="2026-03-02T14:48:27 IST" duration-ms="3000" status="PASS">
          <reporter-output>
          </reporter-output>
        </test-method> <!-- tearDown -->
      </class> <!-- tests.LoginDataTest -->
    </test> <!-- Default test -->
  </suite> <!-- Default suite -->
</testng-results>
